Determining if the pthread_create exist failed with the following output:
Change Dir: /opt/ros/indigo/share/urgwidget_driver/urgwidget_wrapper/build/CMakeFiles/CMakeTmp

Run Build Command:/usr/bin/make "cmTryCompileExec2456264897/fast"
make[1]: Entering directory `/opt/ros/indigo/share/urgwidget_driver/urgwidget_wrapper/build/CMakeFiles/CMakeTmp'
/usr/bin/make -f CMakeFiles/cmTryCompileExec2456264897.dir/build.make CMakeFiles/cmTryCompileExec2456264897.dir/build
make[2]: Entering directory `/opt/ros/indigo/share/urgwidget_driver/urgwidget_wrapper/build/CMakeFiles/CMakeTmp'
/usr/bin/cmake -E cmake_progress_report /opt/ros/indigo/share/urgwidget_driver/urgwidget_wrapper/build/CMakeFiles/CMakeTmp/CMakeFiles 1
Building C object CMakeFiles/cmTryCompileExec2456264897.dir/CheckSymbolExists.c.o
/usr/bin/cc    -o CMakeFiles/cmTryCompileExec2456264897.dir/CheckSymbolExists.c.o   -c /opt/ros/indigo/share/urgwidget_driver/urgwidget_wrapper/build/CMakeFiles/CMakeTmp/CheckSymbolExists.c
Linking C executable cmTryCompileExec2456264897
/usr/bin/cmake -E cmake_link_script CMakeFiles/cmTryCompileExec2456264897.dir/link.txt --verbose=1
/usr/bin/cc       CMakeFiles/cmTryCompileExec2456264897.dir/CheckSymbolExists.c.o  -o cmTryCompileExec2456264897 -rdynamic 
CMakeFiles/cmTryCompileExec2456264897.dir/CheckSymbolExists.c.o: In function `main':
CheckSymbolExists.c:(.text+0xe): undefined reference to `pthread_create'
CheckSymbolExists.c:(.text+0x12): undefined reference to `pthread_create'
collect2: error: ld returned 1 exit status
make[2]: Leaving directory `/opt/ros/indigo/share/urgwidget_driver/urgwidget_wrapper/build/CMakeFiles/CMakeTmp'
make[1]: Leaving directory `/opt/ros/indigo/share/urgwidget_driver/urgwidget_wrapper/build/CMakeFiles/CMakeTmp'
make[2]: *** [cmTryCompileExec2456264897] Error 1
make[1]: *** [cmTryCompileExec2456264897/fast] Error 2

File /opt/ros/indigo/share/urgwidget_driver/urgwidget_wrapper/build/CMakeFiles/CMakeTmp/CheckSymbolExists.c:
/* */
#include <pthread.h>

int main(int argc, char** argv)
{
  (void)argv;
#ifndef pthread_create
  return ((int*)(&pthread_create))[argc];
#else
  (void)argc;
  return 0;
#endif
}

Determining if the function pthread_create exists in the pthreads failed with the following output:
Change Dir: /opt/ros/indigo/share/urgwidget_driver/urgwidget_wrapper/build/CMakeFiles/CMakeTmp

Run Build Command:/usr/bin/make "cmTryCompileExec1672725559/fast"
make[1]: Entering directory `/opt/ros/indigo/share/urgwidget_driver/urgwidget_wrapper/build/CMakeFiles/CMakeTmp'
/usr/bin/make -f CMakeFiles/cmTryCompileExec1672725559.dir/build.make CMakeFiles/cmTryCompileExec1672725559.dir/build
make[2]: Entering directory `/opt/ros/indigo/share/urgwidget_driver/urgwidget_wrapper/build/CMakeFiles/CMakeTmp'
/usr/bin/cmake -E cmake_progress_report /opt/ros/indigo/share/urgwidget_driver/urgwidget_wrapper/build/CMakeFiles/CMakeTmp/CMakeFiles 1
Building C object CMakeFiles/cmTryCompileExec1672725559.dir/CheckFunctionExists.c.o
/usr/bin/cc   -DCHECK_FUNCTION_EXISTS=pthread_create   -o CMakeFiles/cmTryCompileExec1672725559.dir/CheckFunctionExists.c.o   -c /usr/share/cmake-2.8/Modules/CheckFunctionExists.c
Linking C executable cmTryCompileExec1672725559
/usr/bin/cmake -E cmake_link_script CMakeFiles/cmTryCompileExec1672725559.dir/link.txt --verbose=1
/usr/bin/cc   -DCHECK_FUNCTION_EXISTS=pthread_create    CMakeFiles/cmTryCompileExec1672725559.dir/CheckFunctionExists.c.o  -o cmTryCompileExec1672725559 -rdynamic -lpthreads 
/usr/bin/ld: cannot find -lpthreads
make[2]: Leaving directory `/opt/ros/indigo/share/urgwidget_driver/urgwidget_wrapper/build/CMakeFiles/CMakeTmp'
make[1]: Leaving directory `/opt/ros/indigo/share/urgwidget_driver/urgwidget_wrapper/build/CMakeFiles/CMakeTmp'
collect2: error: ld returned 1 exit status
make[2]: *** [cmTryCompileExec1672725559] Error 1
make[1]: *** [cmTryCompileExec1672725559/fast] Error 2


